\BOOKMARK [1][-]{section.1}{Assumption in implementation}{}% 1
\BOOKMARK [1][-]{section.2}{To Do}{}% 2
\BOOKMARK [1][-]{section.3}{January 25, 2016}{}% 3
\BOOKMARK [2][-]{subsection.3.1}{Finished Today}{section.3}% 4
\BOOKMARK [1][-]{section.4}{January 26, 2016}{}% 5
\BOOKMARK [2][-]{subsection.4.1}{Finished Today}{section.4}% 6
\BOOKMARK [1][-]{section.5}{January 27, 2016}{}% 7
\BOOKMARK [2][-]{subsection.5.1}{Aim}{section.5}% 8
\BOOKMARK [2][-]{subsection.5.2}{Finished Today}{section.5}% 9
\BOOKMARK [1][-]{section.6}{January 28, 2016}{}% 10
\BOOKMARK [2][-]{subsection.6.1}{Finished Today}{section.6}% 11
\BOOKMARK [1][-]{section.7}{January 29, 2016}{}% 12
\BOOKMARK [1][-]{section.8}{February 1, 2016}{}% 13
\BOOKMARK [1][-]{section.9}{February 2, 2016}{}% 14
\BOOKMARK [2][-]{subsection.9.1}{Finished Today}{section.9}% 15
\BOOKMARK [1][-]{section.10}{February 3, 2016}{}% 16
\BOOKMARK [2][-]{subsection.10.1}{Finished Today}{section.10}% 17
\BOOKMARK [2][-]{subsection.10.2}{Problem identified today}{section.10}% 18
\BOOKMARK [1][-]{section.11}{February 4, 2016}{}% 19
\BOOKMARK [1][-]{section.12}{February 5, 2016}{}% 20
\BOOKMARK [2][-]{subsection.12.1}{Finished Today}{section.12}% 21
\BOOKMARK [2][-]{subsection.12.2}{Special Note}{section.12}% 22
\BOOKMARK [1][-]{section.13}{February 11, 2016}{}% 23
\BOOKMARK [2][-]{subsection.13.1}{Finished Today}{section.13}% 24
\BOOKMARK [1][-]{section.14}{February 12, 2016}{}% 25
\BOOKMARK [2][-]{subsection.14.1}{Finished Today}{section.14}% 26
\BOOKMARK [2][-]{subsection.14.2}{Note}{section.14}% 27
\BOOKMARK [1][-]{section.15}{February 15, 2016}{}% 28
\BOOKMARK [1][-]{section.16}{February 16, 2016}{}% 29
\BOOKMARK [2][-]{subsection.16.1}{Finished Today}{section.16}% 30
\BOOKMARK [1][-]{section.17}{February 17, 2016}{}% 31
\BOOKMARK [2][-]{subsection.17.1}{Today's work}{section.17}% 32
\BOOKMARK [1][-]{section.18}{February 18, 2016}{}% 33
\BOOKMARK [2][-]{subsection.18.1}{Note}{section.18}% 34
\BOOKMARK [2][-]{subsection.18.2}{Finished Today}{section.18}% 35
\BOOKMARK [1][-]{section.19}{February 19,2016}{}% 36
\BOOKMARK [1][-]{section.20}{February 22, 2016}{}% 37
\BOOKMARK [1][-]{section.21}{February 23, 2016}{}% 38
\BOOKMARK [1][-]{section.22}{February 24, 2016}{}% 39
\BOOKMARK [1][-]{section.23}{February 25, 2016}{}% 40
\BOOKMARK [1][-]{section.24}{Useful Resources}{}% 41
